<?xml version="1.0" encoding="UTF-8"?>
<!-- Generated by org.testng.reporters.JUnitReportReporter -->
<testsuite skipped="0" hostname="ags-p-105" name="com.w2a.testcases.LoginTest" tests="1" failures="0" timestamp="2020-09-09T03:46:33 IST" time="3.187" errors="0">
  <testcase name="loginAsBankManager" time="3.187" classname="com.w2a.testcases.LoginTest"/>
  <system-out/>
</testsuite> <!-- com.w2a.testcases.LoginTest -->
